2026-05-02 11:28:45,352 - INFO - Initializing Binance Trading Bot...
2026-05-02 11:28:47,146 - INFO - Bot started for XRPUSDT with 5x leverage.
2026-05-02 11:30:05,789 - INFO - Initializing Binance Trading Bot...
2026-05-02 11:30:07,514 - INFO - Bot started for XRPUSDT with 5x leverage.
2026-05-02 11:30:07,514 - INFO - Checking for open positions...
2026-05-02 11:30:07,664 - INFO - Fetching market data...
2026-05-02 11:30:07,861 - INFO - Generating signal...
2026-05-02 11:31:07,872 - INFO - Checking for open positions...
2026-05-02 11:31:08,045 - INFO - Fetching market data...
2026-05-02 11:31:08,221 - INFO - Generating signal...
2026-05-02 11:32:08,227 - INFO - Checking for open positions...
2026-05-02 11:32:08,408 - INFO - Fetching market data...
2026-05-02 11:32:08,598 - INFO - Generating signal...
2026-05-02 11:32:18,979 - INFO - Initializing Binance Trading Bot...
2026-05-02 11:32:20,687 - INFO - Bot started for XRPUSDT with 5x leverage.
2026-05-02 11:32:20,687 - INFO - Checking for open positions...
2026-05-02 11:32:20,871 - INFO - Fetching market data...
2026-05-02 11:32:21,037 - INFO - Generating signal...
2026-05-02 11:33:08,603 - INFO - Checking for open positions...
2026-05-02 11:33:08,787 - INFO - Fetching market data...
2026-05-02 11:33:09,011 - INFO - Generating signal...
2026-05-02 11:33:21,042 - INFO - Checking for open positions...
2026-05-02 11:33:21,271 - INFO - Fetching market data...
2026-05-02 11:33:21,593 - INFO - Generating signal...
2026-05-02 11:34:09,014 - INFO - Checking for open positions...
2026-05-02 11:34:09,178 - INFO - Fetching market data...
2026-05-02 11:34:09,336 - INFO - Generating signal...
2026-05-02 11:34:21,599 - INFO - Checking for open positions...
2026-05-02 11:34:21,802 - INFO - Fetching market data...
2026-05-02 11:34:21,983 - INFO - Generating signal...
2026-05-02 11:35:09,340 - INFO - Checking for open positions...
2026-05-02 11:35:09,500 - INFO - Fetching market data...
2026-05-02 11:35:09,695 - INFO - Generating signal...
2026-05-02 11:35:09,699 - INFO - Signal Generated: BUY
2026-05-02 11:35:09,881 - WARNING - Insufficient balance: $0.0
2026-05-02 11:35:21,988 - INFO - Checking for open positions...
2026-05-02 11:35:22,180 - INFO - Fetching market data...
2026-05-02 11:35:22,361 - INFO - Generating signal...
2026-05-02 11:35:22,364 - INFO - Signal Generated: BUY
2026-05-02 11:35:22,524 - WARNING - Insufficient balance: $0.0
2026-05-02 11:35:52,148 - INFO - Signal Generated: BUY
2026-05-02 11:35:52,334 - WARNING - Insufficient balance: $0.0
2026-05-02 11:40:09,897 - INFO - Checking for open positions...
2026-05-02 11:40:10,811 - INFO - Fetching market data...
2026-05-02 11:40:10,999 - INFO - Generating signal...
2026-05-02 11:40:22,526 - INFO - Checking for open positions...
2026-05-02 11:40:23,382 - INFO - Fetching market data...
2026-05-02 11:40:23,564 - INFO - Generating signal...
2026-05-02 11:41:11,007 - INFO - Checking for open positions...
2026-05-02 11:41:11,176 - INFO - Fetching market data...
2026-05-02 11:41:11,355 - INFO - Generating signal...
2026-05-02 11:41:23,573 - INFO - Checking for open positions...
2026-05-02 11:41:23,751 - INFO - Fetching market data...
2026-05-02 11:41:23,914 - INFO - Generating signal...
2026-05-02 11:42:11,370 - INFO - Checking for open positions...
2026-05-02 11:42:11,552 - INFO - Fetching market data...
2026-05-02 11:42:11,724 - INFO - Generating signal...
2026-05-02 11:42:23,918 - INFO - Checking for open positions...
2026-05-02 11:42:24,112 - INFO - Fetching market data...
2026-05-02 11:42:24,286 - INFO - Generating signal...
2026-05-02 11:43:11,727 - INFO - Checking for open positions...
2026-05-02 11:43:11,909 - INFO - Fetching market data...
2026-05-02 11:43:12,066 - INFO - Generating signal...
2026-05-02 11:43:24,292 - INFO - Checking for open positions...
2026-05-02 11:43:24,447 - INFO - Fetching market data...
2026-05-02 11:43:24,605 - INFO - Generating signal...
2026-05-02 11:44:12,069 - INFO - Checking for open positions...
2026-05-02 11:44:12,248 - INFO - Fetching market data...
2026-05-02 11:44:12,421 - INFO - Generating signal...
2026-05-02 11:44:24,609 - INFO - Checking for open positions...
2026-05-02 11:44:24,769 - INFO - Fetching market data...
2026-05-02 11:44:24,942 - INFO - Generating signal...
2026-05-02 11:45:24,946 - INFO - Checking for open positions...
2026-05-02 11:45:25,119 - INFO - Fetching market data...
2026-05-02 11:45:25,316 - INFO - Generating signal...
2026-05-04 12:10:54,171 - INFO - Initializing Binance Trading Bot...
2026-05-04 12:10:56,282 - INFO - Bot started for LABUSDT with 20x leverage.
2026-05-04 12:10:56,283 - INFO - Checking for open positions...
2026-05-04 12:10:56,478 - INFO - Position already open for LABUSDT. Monitoring...
2026-05-04 12:11:56,479 - INFO - Checking for open positions...
2026-05-04 12:11:56,742 - INFO - Position already open for LABUSDT. Monitoring...
2026-05-04 12:12:56,743 - INFO - Checking for open positions...
2026-05-04 12:12:57,201 - INFO - Position already open for LABUSDT. Monitoring...
2026-05-04 12:13:57,201 - INFO - Checking for open positions...
2026-05-04 12:13:57,653 - INFO - Position already open for LABUSDT. Monitoring...
2026-05-04 12:14:57,654 - INFO - Checking for open positions...
2026-05-04 12:14:58,985 - INFO - Position already open for LABUSDT. Monitoring...
2026-05-04 12:15:58,987 - INFO - Checking for open positions...
2026-05-04 12:15:59,414 - INFO - Position already open for LABUSDT. Monitoring...
2026-05-04 12:16:59,416 - INFO - Checking for open positions...
2026-05-04 12:16:59,665 - INFO - Position already open for LABUSDT. Monitoring...
2026-05-04 12:17:59,665 - INFO - Checking for open positions...
2026-05-04 12:18:00,686 - INFO - Position already open for LABUSDT. Monitoring...
2026-05-04 12:19:00,687 - INFO - Checking for open positions...
2026-05-04 12:19:00,846 - INFO - Position already open for LABUSDT. Monitoring...
2026-05-04 12:20:00,858 - INFO - Checking for open positions...
2026-05-04 12:20:01,138 - INFO - Position already open for LABUSDT. Monitoring...
2026-05-04 12:21:01,150 - INFO - Checking for open positions...
2026-05-04 12:21:01,560 - INFO - Position already open for LABUSDT. Monitoring...
2026-05-04 12:22:01,562 - INFO - Checking for open positions...
2026-05-04 12:22:02,380 - INFO - Position already open for LABUSDT. Monitoring...
